<?xml version="1.0" encoding="UTF-8"?>
<!-- Generated by org.testng.reporters.JUnitReportReporter -->
<testsuite hostname="yuktibaheti" failures="0" tests="1" name="GoogleTestIT" time="11.627" errors="0" timestamp="2021-07-06T11:24:28 IST" skipped="0">
  <testcase classname="GoogleTestIT" name="i_have_the_Chrome" time="11.627"/>
  <system-out/>
</testsuite> <!-- GoogleTestIT -->
