<?xml version="1.0" encoding="UTF-8"?>
<!-- Generated by org.testng.reporters.JUnitReportReporter -->
<testsuite hostname="yuktibaheti" failures="0" tests="1" name="TestCases.GoogleTestIT" time="4.858" errors="0" timestamp="2021-07-06T13:01:03 IST" skipped="0">
  <testcase classname="TestCases.GoogleTestIT" name="i_have_the_Chrome" time="4.858"/>
  <system-out/>
</testsuite> <!-- TestCases.GoogleTestIT -->
